<?xml version="1.0" encoding="UTF-8"?>
<!-- Generated by org.testng.reporters.JUnitXMLReporter -->
<testsuite ignored="0" hostname="shreyass-MacBook-Air.local" failures="0" tests="0" time="0.005" errors="0" timestamp="2021-10-23T10:14:43 IST">
  <testcase classname="easemytrip_Testes.BaseTest" name="@BeforeSuite initialize" time="-1.634964278023E9">
    <failure type="org.testng.TestNGException" message="
Parameter &amp;apos;browser&amp;apos; is required by BeforeSuite on method initialize but has not been marked @Optional or defined
in /Users/shreyassambare/eclipse-workspace/Easemytrip/TestNg.xml">
      <![CDATA[org.testng.TestNGException: 
Parameter 'browser' is required by BeforeSuite on method initialize but has not been marked @Optional or defined
in /Users/shreyassambare/eclipse-workspace/Easemytrip/TestNg.xml
... Removed 16 stack frames]]>
    </failure>
  </testcase> <!-- @BeforeSuite initialize -->
</testsuite>
